
 Electrostatic potential parameters

 Grid information (see 1_default_grid.dat in units of <psi4)
     van der Waals radii (Angstrom):
                                       C   1.500
                                       H   1.200
                                       O   1.400
     Number of VDW layers:             4
     VDW scale facotr:                 1.400
     VDW increment:                    0.200
     VDW point density:                1.000
     Number of grid points:            541

 Quantum electrostatic potential (see 1_default_grid_esp.dat)
     ESP method:                       scf
     ESP basis set:                    6-31g*

 Constraints

 Restraint
     Hyperbolic restraint to a charge of zero
     Hydrogen atoms are not restrained
     resp_a:                           0.0005
     resp_b:                           0.1000

 Fit

 Electrostatic Potential Charges
   Center  Symbol       ESP      RESP
       1    C       -0.51242  -0.34355
       2    H        0.13578   0.09980
       3    H        0.16259   0.12170
       4    H        0.16259   0.12170
       5    C        0.86277   0.69490
       6    O       -0.44362  -0.15418
       7    O       -0.60069  -0.11437
       8    H        0.45287   0.41938
       9    LP2A       -0.09804  -0.21968
      10    LP2B       -0.06190  -0.17650
      11    LP1A       -0.02997  -0.22460
      12    LP1B       -0.02997  -0.22460
 Total Charge:       0.00000  -0.00000
