
 Electrostatic potential parameters

 Grid information (see 1_stage2_grid.dat in units of <psi4)
     van der Waals radii (Angstrom):
     Number of VDW layers:             4
     VDW scale facotr:                 1.400
     VDW increment:                    0.200
     VDW point density:                1.000
     Number of grid points:            541

 Quantum electrostatic potential (see 1_stage2_grid_esp.dat)
     ESP method:                       scf
     ESP basis set:                    6-31g*

 Constraints
     Charge constraints
         Total charge of  0.69490 on the set   5
         Total charge of  0.00000 on the set   6
         Total charge of  0.00000 on the set   7
         Total charge of  0.41938 on the set   8
     Equality constraints
         Equal charges on atoms
                                 2   3   4

 Restraint
     Hyperbolic restraint to a charge of zero
     Hydrogen atoms are not restrained
     resp_a:                           0.0010
     resp_b:                           0.1000

 Fit

 Electrostatic Potential Charges
   Center  Symbol       ESP      RESP
       1    C       -0.43108  -0.35356
       2    H        0.13823   0.11631
       3    H        0.13823   0.11631
       4    H        0.13823   0.11631
       5    C        0.69490   0.69490
       6    O        0.00000   0.00000
       7    O        0.00000   0.00000
       8    H        0.41938   0.41938
       9    LP2A       -0.29611  -0.29427
      10    LP2B       -0.25159  -0.25944
      11    LP1A       -0.27509  -0.27796
      12    LP1B       -0.27509  -0.27796
 Total Charge:       0.00000   0.00000
